<?xml version="1.0" encoding="UTF-8"?>
<!-- Generated by org.testng.reporters.JUnitReportReporter -->
<testsuite hostname="DESKTOP-FOESE3F" failures="0" tests="2" name="test.PimTest" time="6.501" errors="0" timestamp="2022-10-16T16:35:33 IST" skipped="0">
  <testcase classname="test.PimTest" name="verifyPimPage" time="6.328"/>
  <system-out/>
  <testcase classname="test.PimTest" name="verifycheckboxisSelected" time="0.173"/>
  <system-out/>
</testsuite> <!-- test.PimTest -->
