<?xml version="1.0" encoding="UTF-8"?>
<!-- Generated by org.testng.reporters.JUnitReportReporter -->
<testsuite hostname="DESKTOP-FOESE3F" failures="0" tests="3" name="test.LoginTest" time="5.921" errors="0" timestamp="2022-10-16T16:35:33 IST" skipped="0">
  <testcase classname="test.LoginTest" name="verifyurl" time="0.021"/>
  <system-out/>
  <testcase classname="test.LoginTest" name="verifyLoginPageIsDisplayed" time="0.385"/>
  <system-out/>
  <testcase classname="test.LoginTest" name="verifyLogin" time="5.515"/>
  <system-out/>
</testsuite> <!-- test.LoginTest -->
