<?xml version="1.0" encoding="UTF-8"?>
<!-- Generated by org.testng.reporters.JUnitReportReporter -->
<testsuite hostname="DESKTOP-FOESE3F" failures="0" tests="4" name="vvvvvvvvv.hiiiiii" time="0.456" errors="0" timestamp="2022-10-12T21:22:51 IST" skipped="0">
  <testcase classname="vvvvvvvvv.hiiiiii" name="verifyurlofPage" time="0.045"/>
  <system-out>
    <![CDATA[start test case]]>
  </system-out>
  <testcase classname="vvvvvvvvv.hiiiiii" name="verifyTitleOfPage" time="0.103"/>
  <system-out>
    <![CDATA[start test case]]>
  </system-out>
  <testcase classname="vvvvvvvvv.hiiiiii" name="verifyUpperIconsGrocery" time="0.230"/>
  <system-out>
    <![CDATA[start test case]]>
  </system-out>
  <testcase classname="vvvvvvvvv.hiiiiii" name="verifyUpperIconsTopOffers" time="0.078"/>
  <system-out>
    <![CDATA[start test case]]>
  </system-out>
</testsuite> <!-- vvvvvvvvv.hiiiiii -->
