<?xml version="1.0" encoding="UTF-8"?>
<!-- Generated by org.testng.reporters.JUnitReportReporter -->
<testsuite hostname="DESKTOP-FOESE3F" failures="0" tests="6" name="testng_practice.Test2Class" time="0.090" errors="0" timestamp="2023-02-28T21:37:12 IST" skipped="0">
  <testcase classname="testng_practice.Test2Class" name="m6" time="0.010"/>
  <system-out/>
  <testcase classname="testng_practice.Test2Class" name="m5" time="0.017"/>
  <system-out/>
  <testcase classname="testng_practice.Test2Class" name="m1" time="0.015"/>
  <system-out/>
  <testcase classname="testng_practice.Test2Class" name="m3" time="0.018"/>
  <system-out/>
  <testcase classname="testng_practice.Test2Class" name="m2" time="0.014"/>
  <system-out/>
  <testcase classname="testng_practice.Test2Class" name="m4" time="0.016"/>
  <system-out/>
</testsuite> <!-- testng_practice.Test2Class -->
