<?xml version="1.0" encoding="UTF-8"?>
<!-- Generated by org.testng.reporters.JUnitReportReporter -->
<testsuite hostname="DESKTOP-FOESE3F" failures="0" tests="1" name="testng_practice.AnnoTationSequence" time="0.008" errors="0" timestamp="2023-02-28T21:29:53 IST" skipped="0">
  <testcase classname="testng_practice.AnnoTationSequence" name="m_0" time="0.008"/>
  <system-out/>
</testsuite> <!-- testng_practice.AnnoTationSequence -->
