<?xml version="1.0" encoding="UTF-8"?>
<!-- Generated by org.testng.reporters.JUnitReportReporter -->
<testsuite hostname="DESKTOP-FOESE3F" failures="0" tests="3" name="test.LoginTest" time="4.590" errors="0" timestamp="2022-08-26T17:31:50 GMT-07:00" skipped="0">
  <testcase classname="test.LoginTest" name="verifyUrlOfPage" time="0.020"/>
  <system-out/>
  <testcase classname="test.LoginTest" name="verifyLoginPageIsDisplayed" time="0.695"/>
  <system-out/>
  <testcase classname="test.LoginTest" name="verifyLogin" time="3.875"/>
  <system-out/>
</testsuite> <!-- test.LoginTest -->
