<?xml version="1.0" encoding="UTF-8"?>
<!-- Generated by org.testng.reporters.JUnitReportReporter -->
<testsuite hostname="DESKTOP-FOESE3F" failures="0" tests="3" name="test.LoginTest" time="5.425" errors="0" timestamp="2022-10-29T22:06:59 IST" skipped="0">
  <testcase classname="test.LoginTest" name="verifyurl" time="0.038"/>
  <system-out/>
  <testcase classname="test.LoginTest" name="verifyLoginPageIsDisplayed" time="0.604"/>
  <system-out/>
  <testcase classname="test.LoginTest" name="verifyLogin" time="4.783"/>
  <system-out/>
</testsuite> <!-- test.LoginTest -->
