<?xml version="1.0" encoding="UTF-8"?>
<!-- Generated by org.testng.reporters.JUnitReportReporter -->
<testsuite hostname="DESKTOP-FOESE3F" failures="0" tests="2" name="test.PimTest" time="5.529" errors="0" timestamp="2022-10-29T22:06:59 IST" skipped="0">
  <testcase classname="test.PimTest" name="verifyPimPage" time="5.285"/>
  <system-out/>
  <testcase classname="test.PimTest" name="verifycheckboxisSelected" time="0.244"/>
  <system-out/>
</testsuite> <!-- test.PimTest -->
