<?xml version="1.0" encoding="UTF-8"?>
<!-- Generated by org.testng.reporters.JUnitReportReporter -->
<testsuite hostname="DESKTOP-FOESE3F" failures="0" tests="3" name="testjavaa.LoginTestttt" time="10.286" errors="0" timestamp="2022-10-13T13:04:43 IST" skipped="0">
  <testcase classname="testjavaa.LoginTestttt" name="verifyurl" time="0.803"/>
  <system-out/>
  <testcase classname="testjavaa.LoginTestttt" name="display" time="0.101"/>
  <system-out/>
  <testcase classname="testjavaa.LoginTestttt" name="verifylogin" time="9.382"/>
  <system-out/>
</testsuite> <!-- testjavaa.LoginTestttt -->
