<?xml version="1.0" encoding="UTF-8"?>
<!-- Generated by org.testng.reporters.JUnitReportReporter -->
<testsuite hostname="DESKTOP-FOESE3F" failures="0" tests="3" name="testjavaa.PimTesttt" time="9.126" errors="0" timestamp="2022-08-26T14:17:34 GMT-07:00" skipped="0">
  <testcase classname="testjavaa.PimTesttt" name="veripg" time="0.928"/>
  <system-out/>
  <testcase classname="testjavaa.PimTesttt" name="verifybox" time="1.468"/>
  <system-out/>
  <testcase classname="testjavaa.PimTesttt" name="clickable" time="6.730"/>
  <system-out/>
</testsuite> <!-- testjavaa.PimTesttt -->
