<?xml version="1.0" encoding="UTF-8"?>
<!-- Generated by org.testng.reporters.JUnitReportReporter -->
<testsuite hostname="DESKTOP-FOESE3F" failures="0" tests="1" name="RestAssured.rest.request1" time="6.726" errors="0" timestamp="2022-09-06T19:40:54 GMT-07:00" skipped="0">
  <testcase classname="RestAssured.rest.request1" name="get_Request" time="6.726"/>
  <system-out/>
</testsuite> <!-- RestAssured.rest.request1 -->
