<?xml version="1.0" encoding="UTF-8"?>
<!-- Generated by org.testng.reporters.JUnitReportReporter -->
<testsuite hostname="DESKTOP-FOESE3F" failures="0" tests="2" name="test.PimTest" time="5.955" errors="0" timestamp="2022-08-26T17:27:51 GMT-07:00" skipped="0">
  <testcase classname="test.PimTest" name="verifyPimPage" time="4.845"/>
  <system-out/>
  <testcase classname="test.PimTest" name="verifyIdCheckBoxIsSelected" time="1.110"/>
  <system-out/>
</testsuite> <!-- test.PimTest -->
