<?xml version="1.0" encoding="UTF-8"?>
<!-- Generated by org.testng.reporters.JUnitReportReporter -->
<testsuite hostname="DESKTOP-FOESE3F" failures="0" tests="3" name="test.LoginTest" time="3.896" errors="0" timestamp="2022-08-26T17:27:51 GMT-07:00" skipped="0">
  <testcase classname="test.LoginTest" name="verifyUrlOfPage" time="0.023"/>
  <system-out/>
  <testcase classname="test.LoginTest" name="verifyLoginPageIsDisplayed" time="0.328"/>
  <system-out/>
  <testcase classname="test.LoginTest" name="verifyLogin" time="3.545"/>
  <system-out/>
</testsuite> <!-- test.LoginTest -->
